This is pdfTeX, Version 3.141592653-2.6-1.40.28 (MiKTeX 25.12) (preloaded format=pdflatex 2026.2.1)  1 FEB 2026 03:49
entering extended mode
 restricted \write18 enabled.
 %&-line parsing enabled.
**D:/pylatex/Engineering_Report.pdf.tex
(D:/pylatex/Engineering_Report.pdf.tex
LaTeX2e <2025-11-01>
L3 programming layer <2025-12-24>
(C:\Users\Aditya jain\AppData\Local\Programs\MiKTeX\tex/latex/base\report.cls
Document Class: report 2025/01/22 v1.4n Standard LaTeX document class
(C:\Users\Aditya jain\AppData\Local\Programs\MiKTeX\tex/latex/base\size10.clo
File: size10.clo 2025/01/22 v1.4n Standard LaTeX file (size option)
)
\c@part=\count275
\c@chapter=\count276
\c@section=\count277
\c@subsection=\count278
\c@subsubsection=\count279
\c@paragraph=\count280
\c@subparagraph=\count281
\c@figure=\count282
\c@table=\count283
\abovecaptionskip=\skip49
\belowcaptionskip=\skip50
\bibindent=\dimen148
) (C:\Users\Aditya jain\AppData\Local\Programs\MiKTeX\tex/latex/base\fontenc.st
y
Package: fontenc 2025/07/18 v2.1d Standard LaTeX package
)
(C:\Users\Aditya jain\AppData\Local\Programs\MiKTeX\tex/latex/base\inputenc.sty
Package: inputenc 2024/02/08 v1.3d Input encoding file
\inpenc@prehook=\toks17
\inpenc@posthook=\toks18
) (C:\Users\Aditya jain\AppData\Local\Programs\MiKTeX\tex/latex/lm\lmodern.sty
Package: lmodern 2015/05/01 v1.6.1 Latin Modern Fonts
LaTeX Font Info:    Overwriting symbol font `operators' in version `normal'
(Font)                  OT1/cmr/m/n --> OT1/lmr/m/n on input line 22.
LaTeX Font Info:    Overwriting symbol font `letters' in version `normal'
(Font)                  OML/cmm/m/it --> OML/lmm/m/it on input line 23.
LaTeX Font Info:    Overwriting symbol font `symbols' in version `normal'
(Font)                  OMS/cmsy/m/n --> OMS/lmsy/m/n on input line 24.
LaTeX Font Info:    Overwriting symbol font `largesymbols' in version `normal'
(Font)                  OMX/cmex/m/n --> OMX/lmex/m/n on input line 25.
LaTeX Font Info:    Overwriting symbol font `operators' in version `bold'
(Font)                  OT1/cmr/bx/n --> OT1/lmr/bx/n on input line 26.
LaTeX Font Info:    Overwriting symbol font `letters' in version `bold'
(Font)                  OML/cmm/b/it --> OML/lmm/b/it on input line 27.
LaTeX Font Info:    Overwriting symbol font `symbols' in version `bold'
(Font)                  OMS/cmsy/b/n --> OMS/lmsy/b/n on input line 28.
LaTeX Font Info:    Overwriting symbol font `largesymbols' in version `bold'
(Font)                  OMX/cmex/m/n --> OMX/lmex/m/n on input line 29.
LaTeX Font Info:    Overwriting math alphabet `\mathbf' in version `normal'
(Font)                  OT1/cmr/bx/n --> OT1/lmr/bx/n on input line 31.
LaTeX Font Info:    Overwriting math alphabet `\mathsf' in version `normal'
(Font)                  OT1/cmss/m/n --> OT1/lmss/m/n on input line 32.
LaTeX Font Info:    Overwriting math alphabet `\mathit' in version `normal'
(Font)                  OT1/cmr/m/it --> OT1/lmr/m/it on input line 33.
LaTeX Font Info:    Overwriting math alphabet `\mathtt' in version `normal'
(Font)                  OT1/cmtt/m/n --> OT1/lmtt/m/n on input line 34.
LaTeX Font Info:    Overwriting math alphabet `\mathbf' in version `bold'
(Font)                  OT1/cmr/bx/n --> OT1/lmr/bx/n on input line 35.
LaTeX Font Info:    Overwriting math alphabet `\mathsf' in version `bold'
(Font)                  OT1/cmss/bx/n --> OT1/lmss/bx/n on input line 36.
LaTeX Font Info:    Overwriting math alphabet `\mathit' in version `bold'
(Font)                  OT1/cmr/bx/it --> OT1/lmr/bx/it on input line 37.
LaTeX Font Info:    Overwriting math alphabet `\mathtt' in version `bold'
(Font)                  OT1/cmtt/m/n --> OT1/lmtt/m/n on input line 38.
)
(C:\Users\Aditya jain\AppData\Local\Programs\MiKTeX\tex/latex/base\textcomp.sty
Package: textcomp 2024/04/24 v2.1b Standard LaTeX package
)
(C:\Users\Aditya jain\AppData\Local\Programs\MiKTeX\tex/latex/lastpage\lastpage
.sty
Package: lastpage 2025/08/14 v2.1h lastpage: 2.09 or 2e? (HMM)

(C:\Users\Aditya jain\AppData\Local\Programs\MiKTeX\tex/latex/lastpage\lastpage
2e.sty
Package: lastpage2e 2025/08/14 v2.1h Decide which 2e lastpage version to use (H
MM)

(C:\Users\Aditya jain\AppData\Local\Programs\MiKTeX\tex/latex/lastpage\lastpage
modern.sty
Package: lastpagemodern 2025-08-14 v2.1h Refers to last page's name (HMM; JPG)
\c@lastpagecount=\count284
) 
))
(C:\Users\Aditya jain\AppData\Local\Programs\MiKTeX\tex/latex/graphics\graphicx
.sty
Package: graphicx 2024/12/31 v1.2e Enhanced LaTeX Graphics (DPC,SPQR)

(C:\Users\Aditya jain\AppData\Local\Programs\MiKTeX\tex/latex/graphics\keyval.s
ty
Package: keyval 2022/05/29 v1.15 key=value parser (DPC)
\KV@toks@=\toks19
)
(C:\Users\Aditya jain\AppData\Local\Programs\MiKTeX\tex/latex/graphics\graphics
.sty
Package: graphics 2024/08/06 v1.4g Standard LaTeX Graphics (DPC,SPQR)

(C:\Users\Aditya jain\AppData\Local\Programs\MiKTeX\tex/latex/graphics\trig.sty
Package: trig 2023/12/02 v1.11 sin cos tan (DPC)
)
(C:\Users\Aditya jain\AppData\Local\Programs\MiKTeX\tex/latex/graphics-cfg\grap
hics.cfg
File: graphics.cfg 2016/06/04 v1.11 sample graphics configuration
)
Package graphics Info: Driver file: pdftex.def on input line 106.

(C:\Users\Aditya jain\AppData\Local\Programs\MiKTeX\tex/latex/graphics-def\pdft
ex.def
File: pdftex.def 2025/09/29 v1.2d Graphics/color driver for pdftex
))
\Gin@req@height=\dimen149
\Gin@req@width=\dimen150
)
LaTeX Font Info:    Trying to load font information for T1+lmr on input line 13
.

(C:\Users\Aditya jain\AppData\Local\Programs\MiKTeX\tex/latex/lm\t1lmr.fd
File: t1lmr.fd 2015/05/01 v1.6.1 Font defs for Latin Modern
)
(C:\Users\Aditya jain\AppData\Local\Programs\MiKTeX\tex/latex/l3backend\l3backe
nd-pdftex.def
File: l3backend-pdftex.def 2025-10-09 L3 backend support: PDF output (pdfTeX)
\l__color_backend_stack_int=\count285
)
No file Engineering_Report.pdf.aux.
\openout1 = `Engineering_Report.pdf.aux'.

LaTeX Font Info:    Checking defaults for OML/cmm/m/it on input line 13.
LaTeX Font Info:    ... okay on input line 13.
LaTeX Font Info:    Checking defaults for OMS/cmsy/m/n on input line 13.
LaTeX Font Info:    ... okay on input line 13.
LaTeX Font Info:    Checking defaults for OT1/cmr/m/n on input line 13.
LaTeX Font Info:    ... okay on input line 13.
LaTeX Font Info:    Checking defaults for T1/cmr/m/n on input line 13.
LaTeX Font Info:    ... okay on input line 13.
LaTeX Font Info:    Checking defaults for TS1/cmr/m/n on input line 13.
LaTeX Font Info:    ... okay on input line 13.
LaTeX Font Info:    Checking defaults for OMX/cmex/m/n on input line 13.
LaTeX Font Info:    ... okay on input line 13.
LaTeX Font Info:    Checking defaults for U/cmr/m/n on input line 13.
LaTeX Font Info:    ... okay on input line 13.

(C:\Users\Aditya jain\AppData\Local\Programs\MiKTeX\tex/context/base/mkii\supp-
pdf.mkii
[Loading MPS to PDF converter (version 2006.09.02).]
\scratchcounter=\count286
\scratchdimen=\dimen151
\scratchbox=\box53
\nofMPsegments=\count287
\nofMParguments=\count288
\everyMPshowfont=\toks20
\MPscratchCnt=\count289
\MPscratchDim=\dimen152
\MPnumerator=\count290
\makeMPintoPDFobject=\count291
\everyMPtoPDFconversion=\toks21
)
(C:\Users\Aditya jain\AppData\Local\Programs\MiKTeX\tex/latex/epstopdf-pkg\epst
opdf-base.sty
Package: epstopdf-base 2020-01-24 v2.11 Base part for package epstopdf
Package epstopdf-base Info: Redefining graphics rule for `.eps' on input line 4
85.

(C:\Users\Aditya jain\AppData\Local\Programs\MiKTeX\tex/latex/00miktex\epstopdf
-sys.cfg
File: epstopdf-sys.cfg 2021/03/18 v2.0 Configuration of epstopdf for MiKTeX
))
LaTeX Font Info:    Trying to load font information for OT1+lmr on input line 1
5.

(C:\Users\Aditya jain\AppData\Local\Programs\MiKTeX\tex/latex/lm\ot1lmr.fd
File: ot1lmr.fd 2015/05/01 v1.6.1 Font defs for Latin Modern
)
LaTeX Font Info:    Trying to load font information for OML+lmm on input line 1
5.

(C:\Users\Aditya jain\AppData\Local\Programs\MiKTeX\tex/latex/lm\omllmm.fd
File: omllmm.fd 2015/05/01 v1.6.1 Font defs for Latin Modern
)
LaTeX Font Info:    Trying to load font information for OMS+lmsy on input line 
15.

(C:\Users\Aditya jain\AppData\Local\Programs\MiKTeX\tex/latex/lm\omslmsy.fd
File: omslmsy.fd 2015/05/01 v1.6.1 Font defs for Latin Modern
)
LaTeX Font Info:    Trying to load font information for OMX+lmex on input line 
15.

(C:\Users\Aditya jain\AppData\Local\Programs\MiKTeX\tex/latex/lm\omxlmex.fd
File: omxlmex.fd 2015/05/01 v1.6.1 Font defs for Latin Modern
)
LaTeX Font Info:    External font `lmex10' loaded for size
(Font)              <12> on input line 15.
LaTeX Font Info:    External font `lmex10' loaded for size
(Font)              <8> on input line 15.
LaTeX Font Info:    External font `lmex10' loaded for size
(Font)              <6> on input line 15.

[1

{C:/Users/Aditya jain/AppData/Local/MiKTeX/fonts/map/pdftex/pdftex.map}{C:/User
s/Aditya jain/AppData/Local/Programs/MiKTeX/fonts/enc/dvips/lm/lm-ec.enc}]
No file Engineering_Report.pdf.toc.
\tf@toc=\write3
\openout3 = `Engineering_Report.pdf.toc'.

[1

]
<beam.png, id=12, 2023.56pt x 968.61874pt>
File: beam.png Graphic file (type png)
<use beam.png>
Package pdftex.def Info: beam.png  used on input line 28.
(pdftex.def)             Requested size: 276.00105pt x 132.10286pt.
LaTeX Font Info:    External font `lmex10' loaded for size
(Font)              <10> on input line 40.
LaTeX Font Info:    External font `lmex10' loaded for size
(Font)              <7> on input line 40.
LaTeX Font Info:    External font `lmex10' loaded for size
(Font)              <5> on input line 40.
 [2 <./beam.png (PNG copy)>]

! LaTeX Error: Environment tikzpicture undefined.

See the LaTeX manual or LaTeX Companion for explanation.
Type  H <return>  for immediate help.
 ...                                              
                                                  
l.59 \begin{tikzpicture}
                        
Your command was ignored.
Type  I <command> <return>  to replace it with another command,
or  <return>  to continue without it.


! LaTeX Error: Environment axis undefined.

See the LaTeX manual or LaTeX Companion for explanation.
Type  H <return>  for immediate help.
 ...                                              
                                                  
l.60 \begin{axis}
                 [
Your command was ignored.
Type  I <command> <return>  to replace it with another command,
or  <return>  to continue without it.

! Undefined control sequence.
l.68 \addplot
             [smooth, blue] coordinates {
The control sequence at the end of the top line
of your error message was never \def'ed. If you have
misspelled it (e.g., `\hobx'), type `I' and the correct
spelling (e.g., `I\hbox'). Otherwise just continue,
and I'll forget about whatever was undefined.


! LaTeX Error: \begin{document} ended by \end{axis}.

See the LaTeX manual or LaTeX Companion for explanation.
Type  H <return>  for immediate help.
 ...                                              
                                                  
l.470 \end{axis}
                
Your command was ignored.
Type  I <command> <return>  to replace it with another command,
or  <return>  to continue without it.


! LaTeX Error: \begin{document} ended by \end{tikzpicture}.

See the LaTeX manual or LaTeX Companion for explanation.
Type  H <return>  for immediate help.
 ...                                              
                                                  
l.471 \end{tikzpicture}
                       
Your command was ignored.
Type  I <command> <return>  to replace it with another command,
or  <return>  to continue without it.


Overfull \hbox (26.11226pt too wide) in paragraph at lines 60--472
\T1/lmr/m/n/10 (0.201,15.0) (0.221,15.0) (0.241,15.0) (0.261,15.0) (0.281,15.0)
 (0.301,15.0) (0.321,15.0)
 []


Overfull \hbox (26.11226pt too wide) in paragraph at lines 60--472
\T1/lmr/m/n/10 (0.341,15.0) (0.361,15.0) (0.381,15.0) (0.401,15.0) (0.421,15.0)
 (0.441,15.0) (0.461,15.0)
 []


Overfull \hbox (26.11226pt too wide) in paragraph at lines 60--472
\T1/lmr/m/n/10 (0.481,15.0) (0.501,15.0) (0.521,15.0) (0.541,15.0) (0.561,15.0)
 (0.581,15.0) (0.602,15.0)
 []


Overfull \hbox (26.11226pt too wide) in paragraph at lines 60--472
\T1/lmr/m/n/10 (0.622,15.0) (0.642,15.0) (0.662,15.0) (0.682,15.0) (0.702,15.0)
 (0.722,15.0) (0.742,15.0)
 []


Overfull \hbox (26.11226pt too wide) in paragraph at lines 60--472
\T1/lmr/m/n/10 (0.762,15.0) (0.782,15.0) (0.802,15.0) (0.822,15.0) (0.842,15.0)
 (0.862,15.0) (0.882,15.0)
 []


Overfull \hbox (26.11226pt too wide) in paragraph at lines 60--472
\T1/lmr/m/n/10 (0.902,15.0) (0.922,15.0) (0.942,15.0) (0.962,15.0) (0.982,15.0)
 (1.003,15.0) (1.023,15.0)
 []


Overfull \hbox (26.11226pt too wide) in paragraph at lines 60--472
\T1/lmr/m/n/10 (1.043,15.0) (1.063,15.0) (1.083,15.0) (1.103,15.0) (1.123,15.0)
 (1.143,15.0) (1.163,15.0)
 []


Overfull \hbox (26.11226pt too wide) in paragraph at lines 60--472
\T1/lmr/m/n/10 (1.183,15.0) (1.203,15.0) (1.223,15.0) (1.243,15.0) (1.263,15.0)
 (1.283,15.0) (1.303,15.0)
 []


Overfull \hbox (26.11226pt too wide) in paragraph at lines 60--472
\T1/lmr/m/n/10 (1.323,15.0) (1.343,15.0) (1.363,15.0) (1.383,15.0) (1.404,15.0)
 (1.424,15.0) (1.444,15.0)
 []


Overfull \hbox (26.11226pt too wide) in paragraph at lines 60--472
\T1/lmr/m/n/10 (1.464,15.0) (1.484,15.0) (1.504,15.0) (1.524,15.0) (1.544,15.0)
 (1.564,15.0) (1.584,15.0)
 []


Overfull \hbox (26.11226pt too wide) in paragraph at lines 60--472
\T1/lmr/m/n/10 (1.604,15.0) (1.624,15.0) (1.644,15.0) (1.664,15.0) (1.684,15.0)
 (1.704,15.0) (1.724,15.0)
 []


Overfull \hbox (26.11226pt too wide) in paragraph at lines 60--472
\T1/lmr/m/n/10 (1.744,15.0) (1.764,15.0) (1.784,15.0) (1.805,15.0) (1.825,15.0)
 (1.845,15.0) (1.865,15.0)
 []


Overfull \hbox (21.11226pt too wide) in paragraph at lines 60--472
\T1/lmr/m/n/10 (1.885,15.0) (1.905,15.0) (1.925,15.0) (1.945,15.0) (1.965,15.0)
 (1.985,15.0) (2.005,5.0)
 []

[3]

! LaTeX Error: Environment tikzpicture undefined.

See the LaTeX manual or LaTeX Companion for explanation.
Type  H <return>  for immediate help.
 ...                                              
                                                  
l.478 \begin{tikzpicture}
                         
Your command was ignored.
Type  I <command> <return>  to replace it with another command,
or  <return>  to continue without it.


! LaTeX Error: Environment axis undefined.

See the LaTeX manual or LaTeX Companion for explanation.
Type  H <return>  for immediate help.
 ...                                              
                                                  
l.479 \begin{axis}
                  [
Your command was ignored.
Type  I <command> <return>  to replace it with another command,
or  <return>  to continue without it.

! Undefined control sequence.
l.487 \addplot
              [smooth, red] coordinates {
The control sequence at the end of the top line
of your error message was never \def'ed. If you have
misspelled it (e.g., `\hobx'), type `I' and the correct
spelling (e.g., `I\hbox'). Otherwise just continue,
and I'll forget about whatever was undefined.


! LaTeX Error: \begin{document} ended by \end{axis}.

See the LaTeX manual or LaTeX Companion for explanation.
Type  H <return>  for immediate help.
 ...                                              
                                                  
l.889 \end{axis}
                
Your command was ignored.
Type  I <command> <return>  to replace it with another command,
or  <return>  to continue without it.


! LaTeX Error: \begin{document} ended by \end{tikzpicture}.

See the LaTeX manual or LaTeX Companion for explanation.
Type  H <return>  for immediate help.
 ...                                              
                                                  
l.890 \end{tikzpicture}
                       
Your command was ignored.
Type  I <command> <return>  to replace it with another command,
or  <return>  to continue without it.


Overfull \hbox (15.50075pt too wide) in paragraph at lines 479--891
\T1/lmr/m/n/10 Mo-ment (kNm), thick, ] [smooth, red] co-or-di-nates  (0.0,0.0) 
(0.02,0.301) (0.04,0.602)
 []


Overfull \hbox (21.11226pt too wide) in paragraph at lines 479--891
\T1/lmr/m/n/10 (0.06,0.902) (0.08,1.203) (0.1,1.504) (0.12,1.805) (0.14,2.105) 
(0.16,2.406) (0.18,2.707)
 []


Overfull \hbox (2.77876pt too wide) in paragraph at lines 479--891
\T1/lmr/m/n/10 (0.321,4.812) (0.341,5.113) (0.361,5.414) (0.381,5.714) (0.401,6
.015) (0.421,6.316)
 []


Overfull \hbox (2.77876pt too wide) in paragraph at lines 479--891
\T1/lmr/m/n/10 (0.561,8.421) (0.581,8.722) (0.602,9.023) (0.622,9.323) (0.642,9
.624) (0.662,9.925)
 []


Overfull \hbox (32.77876pt too wide) in paragraph at lines 479--891
\T1/lmr/m/n/10 (0.682,10.226) (0.702,10.526) (0.722,10.827) (0.742,11.128) (0.7
62,11.429) (0.782,11.729)
 []


Overfull \hbox (27.77876pt too wide) in paragraph at lines 479--891
\T1/lmr/m/n/10 (0.802,12.03) (0.822,12.331) (0.842,12.632) (0.862,12.932) (0.88
2,13.233) (0.902,13.534)
 []


Overfull \hbox (32.77876pt too wide) in paragraph at lines 479--891
\T1/lmr/m/n/10 (0.922,13.835) (0.942,14.135) (0.962,14.436) (0.982,14.737) (1.0
03,15.038) (1.023,15.338)
 []


Overfull \hbox (27.77876pt too wide) in paragraph at lines 479--891
\T1/lmr/m/n/10 (1.043,15.639) (1.063,15.94) (1.083,16.241) (1.103,16.541) (1.12
3,16.842) (1.143,17.143)
 []


Overfull \hbox (32.77876pt too wide) in paragraph at lines 479--891
\T1/lmr/m/n/10 (1.163,17.444) (1.183,17.744) (1.203,18.045) (1.223,18.346) (1.2
43,18.647) (1.263,18.947)
 []


Overfull \hbox (22.77876pt too wide) in paragraph at lines 479--891
\T1/lmr/m/n/10 (1.283,19.248) (1.303,19.549) (1.323,19.85) (1.343,20.15) (1.363
,20.451) (1.383,20.752)
 []


Overfull \hbox (32.77876pt too wide) in paragraph at lines 479--891
\T1/lmr/m/n/10 (1.404,21.053) (1.424,21.353) (1.444,21.654) (1.464,21.955) (1.4
84,22.256) (1.504,22.556)
 []


Overfull \hbox (27.77876pt too wide) in paragraph at lines 479--891
\T1/lmr/m/n/10 (1.524,22.857) (1.544,23.158) (1.564,23.459) (1.584,23.759) (1.6
04,24.06) (1.624,24.361)
 []


Overfull \hbox (32.77876pt too wide) in paragraph at lines 479--891
\T1/lmr/m/n/10 (1.644,24.662) (1.664,24.962) (1.684,25.263) (1.704,25.564) (1.7
24,25.865) (1.744,26.165)
 []


Overfull \hbox (27.77876pt too wide) in paragraph at lines 479--891
\T1/lmr/m/n/10 (1.764,26.466) (1.784,26.767) (1.805,27.068) (1.825,27.368) (1.8
45,27.669) (1.865,27.97)
 []


Overfull \hbox (32.77876pt too wide) in paragraph at lines 479--891
\T1/lmr/m/n/10 (1.885,28.271) (1.905,28.571) (1.925,28.872) (1.945,29.173) (1.9
65,29.474) (1.985,29.774)
 []


Overfull \hbox (32.77876pt too wide) in paragraph at lines 479--891
\T1/lmr/m/n/10 (2.005,30.025) (2.025,30.125) (2.045,30.226) (2.065,30.326) (2.0
85,30.426) (2.105,30.526)
 []


Overfull \hbox (32.77876pt too wide) in paragraph at lines 479--891
\T1/lmr/m/n/10 (2.125,30.627) (2.145,30.727) (2.165,30.827) (2.185,30.927) (2.2
06,31.028) (2.226,31.128)
 []


Overfull \hbox (32.77876pt too wide) in paragraph at lines 479--891
\T1/lmr/m/n/10 (2.246,31.228) (2.266,31.328) (2.286,31.429) (2.306,31.529) (2.3
26,31.629) (2.346,31.729)
 []


Overfull \hbox (12.77876pt too wide) in paragraph at lines 479--891
\T1/lmr/m/n/10 (2.366,31.83) (2.386,31.93) (2.406,32.03) (2.426,32.13) (2.446,3
2.231) (2.466,32.331)
 []


Overfull \hbox (32.77876pt too wide) in paragraph at lines 479--891
\T1/lmr/m/n/10 (2.486,32.431) (2.506,32.531) (2.526,32.632) (2.546,32.732) (2.5
66,32.832) (2.586,32.932)
 []


Overfull \hbox (32.77876pt too wide) in paragraph at lines 479--891
\T1/lmr/m/n/10 (2.607,33.033) (2.627,33.133) (2.647,33.233) (2.667,33.333) (2.6
87,33.434) (2.707,33.534)
 []


Overfull \hbox (32.77876pt too wide) in paragraph at lines 479--891
\T1/lmr/m/n/10 (2.727,33.634) (2.747,33.734) (2.767,33.835) (2.787,33.935) (2.8
07,34.035) (2.827,34.135)
 []


Overfull \hbox (32.77876pt too wide) in paragraph at lines 479--891
\T1/lmr/m/n/10 (2.847,34.236) (2.867,34.336) (2.887,34.436) (2.907,34.536) (2.9
27,34.637) (2.947,34.737)
 []


Overfull \hbox (32.77876pt too wide) in paragraph at lines 479--891
\T1/lmr/m/n/10 (2.967,34.837) (2.987,34.937) (3.008,35.038) (3.028,35.138) (3.0
48,35.238) (3.068,35.338)
 []


Overfull \hbox (22.77876pt too wide) in paragraph at lines 479--891
\T1/lmr/m/n/10 (3.088,35.439) (3.108,35.539) (3.128,35.639) (3.148,35.739) (3.1
68,35.84) (3.188,35.94)
 []


Overfull \hbox (22.77876pt too wide) in paragraph at lines 479--891
\T1/lmr/m/n/10 (3.208,36.04) (3.228,36.14) (3.248,36.241) (3.268,36.341) (3.288
,36.441) (3.308,36.541)
 []


Overfull \hbox (32.77876pt too wide) in paragraph at lines 479--891
\T1/lmr/m/n/10 (3.328,36.642) (3.348,36.742) (3.368,36.842) (3.388,36.942) (3.4
09,37.043) (3.429,37.143)
 []


Overfull \hbox (32.77876pt too wide) in paragraph at lines 479--891
\T1/lmr/m/n/10 (3.449,37.243) (3.469,37.343) (3.489,37.444) (3.509,37.544) (3.5
29,37.644) (3.549,37.744)
 []


Overfull \hbox (32.77876pt too wide) in paragraph at lines 479--891
\T1/lmr/m/n/10 (3.569,37.845) (3.589,37.945) (3.609,38.045) (3.629,38.145) (3.6
49,38.246) (3.669,38.346)
 []


Overfull \hbox (32.77876pt too wide) in paragraph at lines 479--891
\T1/lmr/m/n/10 (3.689,38.446) (3.709,38.546) (3.729,38.647) (3.749,38.747) (3.7
69,38.847) (3.789,38.947)
 []


Overfull \hbox (2.77876pt too wide) in paragraph at lines 479--891
\T1/lmr/m/n/10 (3.81,39.048) (3.83,39.148) (3.85,39.248) (3.87,39.348) (3.89,39
.449) (3.91,39.549)
 []


Overfull \hbox (41.11226pt too wide) in paragraph at lines 479--891
\T1/lmr/m/n/10 (3.93,39.649) (3.95,39.749) (3.97,39.85) (3.99,39.95) (4.01,40.0
5) (4.03,40.15) (4.05,40.251)
 []


Overfull \hbox (2.77876pt too wide) in paragraph at lines 479--891
\T1/lmr/m/n/10 (4.07,40.351) (4.09,40.451) (4.11,40.551) (4.13,40.652) (4.15,40
.752) (4.17,40.852)
 []


Overfull \hbox (27.77876pt too wide) in paragraph at lines 479--891
\T1/lmr/m/n/10 (4.19,40.952) (4.211,41.053) (4.231,41.153) (4.251,41.253) (4.27
1,41.353) (4.291,41.454)
 []


Overfull \hbox (32.77876pt too wide) in paragraph at lines 479--891
\T1/lmr/m/n/10 (4.311,41.554) (4.331,41.654) (4.351,41.754) (4.371,41.855) (4.3
91,41.955) (4.411,42.055)
 []


Overfull \hbox (32.77876pt too wide) in paragraph at lines 479--891
\T1/lmr/m/n/10 (4.431,42.155) (4.451,42.256) (4.471,42.356) (4.491,42.456) (4.5
11,42.556) (4.531,42.657)
 []


Overfull \hbox (32.77876pt too wide) in paragraph at lines 479--891
\T1/lmr/m/n/10 (4.551,42.757) (4.571,42.857) (4.591,42.957) (4.612,43.058) (4.6
32,43.158) (4.652,43.258)
 []


Overfull \hbox (27.77876pt too wide) in paragraph at lines 479--891
\T1/lmr/m/n/10 (4.672,43.358) (4.692,43.459) (4.712,43.559) (4.732,43.659) (4.7
52,43.759) (4.772,43.86)
 []


Overfull \hbox (17.77876pt too wide) in paragraph at lines 479--891
\T1/lmr/m/n/10 (4.792,43.96) (4.812,44.06) (4.832,44.16) (4.852,44.261) (4.872,
44.361) (4.892,44.461)
 []


Overfull \hbox (32.77876pt too wide) in paragraph at lines 479--891
\T1/lmr/m/n/10 (4.912,44.561) (4.932,44.662) (4.952,44.762) (4.972,44.862) (4.9
92,44.962) (5.013,44.812)
 []


Overfull \hbox (27.77876pt too wide) in paragraph at lines 479--891
\T1/lmr/m/n/10 (5.033,44.511) (5.053,44.211) (5.073,43.91) (5.093,43.609) (5.11
3,43.308) (5.133,43.008)
 []


Overfull \hbox (32.77876pt too wide) in paragraph at lines 479--891
\T1/lmr/m/n/10 (5.153,42.707) (5.173,42.406) (5.193,42.105) (5.213,41.805) (5.2
33,41.504) (5.253,41.203)
 []


Overfull \hbox (22.77876pt too wide) in paragraph at lines 479--891
\T1/lmr/m/n/10 (5.273,40.902) (5.293,40.602) (5.313,40.301) (5.333,40.0) (5.353
,39.699) (5.373,39.398)
 []


Overfull \hbox (32.77876pt too wide) in paragraph at lines 479--891
\T1/lmr/m/n/10 (5.393,39.098) (5.414,38.797) (5.434,38.496) (5.454,38.195) (5.4
74,37.895) (5.494,37.594)
 []


Overfull \hbox (27.77876pt too wide) in paragraph at lines 479--891
\T1/lmr/m/n/10 (5.514,37.293) (5.534,36.992) (5.554,36.692) (5.574,36.391) (5.5
94,36.09) (5.614,35.789)
 []


Overfull \hbox (32.77876pt too wide) in paragraph at lines 479--891
\T1/lmr/m/n/10 (5.634,35.489) (5.654,35.188) (5.674,34.887) (5.694,34.586) (5.7
14,34.286) (5.734,33.985)
 []


Overfull \hbox (27.77876pt too wide) in paragraph at lines 479--891
\T1/lmr/m/n/10 (5.754,33.684) (5.774,33.383) (5.794,33.083) (5.815,32.782) (5.8
35,32.481) (5.855,32.18)
 []


Overfull \hbox (27.77876pt too wide) in paragraph at lines 479--891
\T1/lmr/m/n/10 (5.875,31.88) (5.895,31.579) (5.915,31.278) (5.935,30.977) (5.95
5,30.677) (5.975,30.376)
 []


Overfull \hbox (32.77876pt too wide) in paragraph at lines 479--891
\T1/lmr/m/n/10 (5.995,30.075) (6.015,29.774) (6.035,29.474) (6.055,29.173) (6.0
75,28.872) (6.095,28.571)
 []


Overfull \hbox (27.77876pt too wide) in paragraph at lines 479--891
\T1/lmr/m/n/10 (6.115,28.271) (6.135,27.97) (6.155,27.669) (6.175,27.368) (6.19
5,27.068) (6.216,26.767)
 []


Overfull \hbox (32.77876pt too wide) in paragraph at lines 479--891
\T1/lmr/m/n/10 (6.236,26.466) (6.256,26.165) (6.276,25.865) (6.296,25.564) (6.3
16,25.263) (6.336,24.962)
 []


Overfull \hbox (27.77876pt too wide) in paragraph at lines 479--891
\T1/lmr/m/n/10 (6.356,24.662) (6.376,24.361) (6.396,24.06) (6.416,23.759) (6.43
6,23.459) (6.456,23.158)
 []


Overfull \hbox (32.77876pt too wide) in paragraph at lines 479--891
\T1/lmr/m/n/10 (6.476,22.857) (6.496,22.556) (6.516,22.256) (6.536,21.955) (6.5
56,21.654) (6.576,21.353)
 []


Overfull \hbox (22.77876pt too wide) in paragraph at lines 479--891
\T1/lmr/m/n/10 (6.596,21.053) (6.617,20.752) (6.637,20.451) (6.657,20.15) (6.67
7,19.85) (6.697,19.549)
 []


Overfull \hbox (32.77876pt too wide) in paragraph at lines 479--891
\T1/lmr/m/n/10 (6.717,19.248) (6.737,18.947) (6.757,18.647) (6.777,18.346) (6.7
97,18.045) (6.817,17.744)
 []


Overfull \hbox (27.77876pt too wide) in paragraph at lines 479--891
\T1/lmr/m/n/10 (6.837,17.444) (6.857,17.143) (6.877,16.842) (6.897,16.541) (6.9
17,16.241) (6.937,15.94)
 []


Overfull \hbox (32.77876pt too wide) in paragraph at lines 479--891
\T1/lmr/m/n/10 (6.957,15.639) (6.977,15.338) (6.997,15.038) (7.018,14.737) (7.0
38,14.436) (7.058,14.135)
 []


Overfull \hbox (32.77876pt too wide) in paragraph at lines 479--891
\T1/lmr/m/n/10 (7.078,13.835) (7.098,13.534) (7.118,13.233) (7.138,12.932) (7.1
58,12.632) (7.178,12.331)
 []


Overfull \hbox (27.77876pt too wide) in paragraph at lines 479--891
\T1/lmr/m/n/10 (7.198,12.03) (7.218,11.729) (7.238,11.429) (7.258,11.128) (7.27
8,10.827) (7.298,10.526)
 []


Overfull \hbox (7.77876pt too wide) in paragraph at lines 479--891
\T1/lmr/m/n/10 (7.318,10.226) (7.338,9.925) (7.358,9.624) (7.378,9.323) (7.398,
9.023) (7.419,8.722)
 []


Overfull \hbox (2.77876pt too wide) in paragraph at lines 479--891
\T1/lmr/m/n/10 (7.559,6.617) (7.579,6.316) (7.599,6.015) (7.619,5.714) (7.639,5
.414) (7.659,5.113)
 []


Overfull \hbox (26.11226pt too wide) in paragraph at lines 479--891
\T1/lmr/m/n/10 (7.799,3.008) (7.82,2.707) (7.84,2.406) (7.86,2.105) (7.88,1.805
) (7.9,1.504) (7.92,1.203)
 []

[4]
Underfull \hbox (badness 10000) in paragraph at lines 896--898

 []

[5] [6] 
enddocument/afterlastpage (AED): lastpage setting LastPage.
(Engineering_Report.pdf.aux)
 ***********
LaTeX2e <2025-11-01>
L3 programming layer <2025-12-24>
 ***********


LaTeX Warning: Label(s) may have changed. Rerun to get cross-references right.


Package lastpage Warning: Rerun to get the references right on input line 900.

 ) 
Here is how much of TeX's memory you used:
 1867 strings out of 467871
 31845 string characters out of 5415437
 440733 words of memory out of 5000000
 30730 multiletter control sequences out of 15000+600000
 677302 words of font info for 69 fonts, out of 8000000 for 9000
 1141 hyphenation exceptions out of 8191
 57i,6n,65p,252b,234s stack positions out of 10000i,1000n,20000p,200000b,200000s
<C:/Users/Aditya jain/AppData/Local/Programs/MiKTeX/fonts/type1/public/lm/lmb
x10.pfb><C:/Users/Aditya jain/AppData/Local/Programs/MiKTeX/fonts/type1/public/
lm/lmbx12.pfb><C:/Users/Aditya jain/AppData/Local/Programs/MiKTeX/fonts/type1/p
ublic/lm/lmr10.pfb><C:/Users/Aditya jain/AppData/Local/Programs/MiKTeX/fonts/ty
pe1/public/lm/lmr12.pfb><C:/Users/Aditya jain/AppData/Local/Programs/MiKTeX/fon
ts/type1/public/lm/lmr17.pfb>
Output written on Engineering_Report.pdf.pdf (7 pages, 180449 bytes).
PDF statistics:
 53 PDF objects out of 1000 (max. 8388607)
 0 named destinations out of 1000 (max. 500000)
 6 words of extra memory for PDF output out of 10000 (max. 10000000)

